<?xml version="1.0" encoding="UTF-8"?>
<!-- Generated by org.testng.reporters.JUnitReportReporter -->
<testsuite hostname="LAPTOP-FU74VF0U" failures="0" tests="4" name="testcases.GoogleMap" time="6.192" errors="0" timestamp="2022-08-25T14:13:42 HAE" skipped="0">
  <testcase classname="testcases.GoogleMap" name="addNewPlace" time="3.484"/>
  <system-out/>
  <testcase classname="testcases.GoogleMap" name="updatePlace" time="0.947"/>
  <system-out/>
  <testcase classname="testcases.GoogleMap" name="getPlace" time="0.844"/>
  <system-out/>
  <testcase classname="testcases.GoogleMap" name="deletePlace" time="0.917"/>
  <system-out/>
</testsuite> <!-- testcases.GoogleMap -->
