<?xml version="1.0" encoding="UTF-8"?>
<!-- Generated by org.testng.reporters.JUnitReportReporter -->
<testsuite hostname="LAPTOP-FU74VF0U" failures="0" tests="2" name="testcases.AddNewPlace" time="4.545" errors="0" timestamp="2022-08-22T21:10:31 HAE" skipped="0">
  <testcase classname="testcases.AddNewPlace" name="addNewPlace" time="3.271"/>
  <system-out/>
  <testcase classname="testcases.AddNewPlace" name="deletePlace" time="1.274"/>
  <system-out/>
</testsuite> <!-- testcases.AddNewPlace -->
